<?xml version="1.0" encoding="UTF-8"?>
<testsuite xmlns:xsi="http://www.w3.org/2001/XMLSchema-instance" xsi:noNamespaceSchemaLocation="https://maven.apache.org/surefire/maven-surefire-plugin/xsd/surefire-test-report-3.0.xsd" version="3.0" name="com.sapient.dao.MovieImplTestMongo" time="1.57" tests="4" errors="0" skipped="0" failures="0">
  <properties>
[...]
</properties>
  <testcase name="deleteMovieByCodeTest" classname="com.sapient.dao.MovieImplTestMongo" time="1.362"/>
  <testcase name="updateClaimTest" classname="com.sapient.dao.MovieImplTestMongo" time="0.058"/>
  <testcase name="addMovieTest" classname="com.sapient.dao.MovieImplTestMongo" time="0.091"/>
  <testcase name="deleteMovieByIdTest" classname="com.sapient.dao.MovieImplTestMongo" time="0.032"/>
</testsuite>